[15:42:15:626] [INFO] - org.springframework.boot.StartupInfoLogger.logStarting(StartupInfoLogger.java:55) - Starting PileApplication on DESKTOP-456EEVO with PID 16856 (E:\Project\pileBackend\target\classes started by lzh15 in E:\Project\pileBackend)
[15:42:15:633] [INFO] - org.springframework.boot.SpringApplication.logStartupProfileInfo(SpringApplication.java:651) - No active profile set, falling back to default profiles: default
[15:42:16:300] [INFO] - org.springframework.boot.web.embedded.tomcat.TomcatWebServer.initialize(TomcatWebServer.java:92) - Tomcat initialized with port(s): 8080 (http)
[15:42:16:300] [INFO] - org.apache.juli.logging.DirectJDKLog.log(DirectJDKLog.java:173) - Initializing ProtocolHandler ["http-nio-8080"]
[15:42:16:300] [INFO] - org.apache.juli.logging.DirectJDKLog.log(DirectJDKLog.java:173) - Starting service [Tomcat]
[15:42:16:311] [INFO] - org.apache.juli.logging.DirectJDKLog.log(DirectJDKLog.java:173) - Starting Servlet engine: [Apache Tomcat/9.0.27]
[15:42:16:360] [INFO] - org.apache.juli.logging.DirectJDKLog.log(DirectJDKLog.java:173) - Initializing Spring embedded WebApplicationContext
[15:42:16:364] [INFO] - org.springframework.boot.web.servlet.context.ServletWebServerApplicationContext.prepareWebApplicationContext(ServletWebServerApplicationContext.java:284) - Root WebApplicationContext: initialization completed in 706 ms
[15:42:16:569] [INFO] - springfox.documentation.spring.web.PropertySourcedRequestMappingHandlerMapping.initHandlerMethods(PropertySourcedRequestMappingHandlerMapping.java:69) - Mapped URL path [/v2/api-docs] onto method [springfox.documentation.swagger2.web.Swagger2Controller#getDocumentation(String, HttpServletRequest)]
[15:42:16:622] [INFO] - org.springframework.scheduling.concurrent.ExecutorConfigurationSupport.initialize(ExecutorConfigurationSupport.java:181) - Initializing ExecutorService 'applicationTaskExecutor'
[15:42:16:760] [INFO] - springfox.documentation.spring.web.plugins.DocumentationPluginsBootstrapper.start(DocumentationPluginsBootstrapper.java:147) - Context refreshed
[15:42:16:768] [INFO] - springfox.documentation.spring.web.plugins.DocumentationPluginsBootstrapper.start(DocumentationPluginsBootstrapper.java:150) - Found 1 custom documentation plugin(s)
[15:42:16:790] [INFO] - springfox.documentation.spring.web.scanners.ApiListingReferenceScanner.scan(ApiListingReferenceScanner.java:41) - Scanning for api listing references
[15:42:16:879] [INFO] - org.apache.juli.logging.DirectJDKLog.log(DirectJDKLog.java:173) - Starting ProtocolHandler ["http-nio-8080"]
[15:42:16:893] [INFO] - org.springframework.boot.web.embedded.tomcat.TomcatWebServer.start(TomcatWebServer.java:204) - Tomcat started on port(s): 8080 (http) with context path ''
[15:42:16:894] [INFO] - org.springframework.boot.StartupInfoLogger.logStarted(StartupInfoLogger.java:61) - Started PileApplication in 1.545 seconds (JVM running for 2.515)
[15:43:59:509] disableAnsi=true[INFO] - org.springframework.boot.StartupInfoLogger.logStarting(StartupInfoLogger.java:55) - Starting PileApplication on DESKTOP-456EEVO with PID 16056 (E:\Project\pileBackend\target\classes started by lzh15 in E:\Project\pileBackend)
[15:43:59:513] disableAnsi=true[INFO] - org.springframework.boot.SpringApplication.logStartupProfileInfo(SpringApplication.java:651) - No active profile set, falling back to default profiles: default
[15:44:00:183] disableAnsi=true[INFO] - org.springframework.boot.web.embedded.tomcat.TomcatWebServer.initialize(TomcatWebServer.java:92) - Tomcat initialized with port(s): 8080 (http)
[15:44:00:192] disableAnsi=true[INFO] - org.apache.juli.logging.DirectJDKLog.log(DirectJDKLog.java:173) - Initializing ProtocolHandler ["http-nio-8080"]
[15:44:00:194] disableAnsi=true[INFO] - org.apache.juli.logging.DirectJDKLog.log(DirectJDKLog.java:173) - Starting service [Tomcat]
[15:44:00:194] disableAnsi=true[INFO] - org.apache.juli.logging.DirectJDKLog.log(DirectJDKLog.java:173) - Starting Servlet engine: [Apache Tomcat/9.0.27]
[15:44:00:250] disableAnsi=true[INFO] - org.apache.juli.logging.DirectJDKLog.log(DirectJDKLog.java:173) - Initializing Spring embedded WebApplicationContext
[15:44:00:251] disableAnsi=true[INFO] - org.springframework.boot.web.servlet.context.ServletWebServerApplicationContext.prepareWebApplicationContext(ServletWebServerApplicationContext.java:284) - Root WebApplicationContext: initialization completed in 711 ms
[15:44:00:452] disableAnsi=true[INFO] - springfox.documentation.spring.web.PropertySourcedRequestMappingHandlerMapping.initHandlerMethods(PropertySourcedRequestMappingHandlerMapping.java:69) - Mapped URL path [/v2/api-docs] onto method [springfox.documentation.swagger2.web.Swagger2Controller#getDocumentation(String, HttpServletRequest)]
[15:44:00:503] disableAnsi=true[INFO] - org.springframework.scheduling.concurrent.ExecutorConfigurationSupport.initialize(ExecutorConfigurationSupport.java:181) - Initializing ExecutorService 'applicationTaskExecutor'
[15:44:00:669] disableAnsi=true[INFO] - springfox.documentation.spring.web.plugins.DocumentationPluginsBootstrapper.start(DocumentationPluginsBootstrapper.java:147) - Context refreshed
[15:44:00:675] disableAnsi=true[INFO] - springfox.documentation.spring.web.plugins.DocumentationPluginsBootstrapper.start(DocumentationPluginsBootstrapper.java:150) - Found 1 custom documentation plugin(s)
[15:44:00:698] disableAnsi=true[INFO] - springfox.documentation.spring.web.scanners.ApiListingReferenceScanner.scan(ApiListingReferenceScanner.java:41) - Scanning for api listing references
[15:44:00:782] disableAnsi=true[INFO] - org.apache.juli.logging.DirectJDKLog.log(DirectJDKLog.java:173) - Starting ProtocolHandler ["http-nio-8080"]
[15:44:00:797] disableAnsi=true[INFO] - org.springframework.boot.web.embedded.tomcat.TomcatWebServer.start(TomcatWebServer.java:204) - Tomcat started on port(s): 8080 (http) with context path ''
[15:44:00:799] disableAnsi=true[INFO] - org.springframework.boot.StartupInfoLogger.logStarted(StartupInfoLogger.java:61) - Started PileApplication in 1.574 seconds (JVM running for 2.601)
[15:45:48:450]INFO  [INFO] - org.springframework.boot.StartupInfoLogger.logStarting(StartupInfoLogger.java:55) - Starting PileApplication on DESKTOP-456EEVO with PID 15380 (E:\Project\pileBackend\target\classes started by lzh15 in E:\Project\pileBackend)
[15:45:48:456]INFO  [INFO] - org.springframework.boot.SpringApplication.logStartupProfileInfo(SpringApplication.java:651) - No active profile set, falling back to default profiles: default
[15:45:49:139]INFO  [INFO] - org.springframework.boot.web.embedded.tomcat.TomcatWebServer.initialize(TomcatWebServer.java:92) - Tomcat initialized with port(s): 8080 (http)
[15:45:49:149]INFO  [INFO] - org.apache.juli.logging.DirectJDKLog.log(DirectJDKLog.java:173) - Initializing ProtocolHandler ["http-nio-8080"]
[15:45:49:149]INFO  [INFO] - org.apache.juli.logging.DirectJDKLog.log(DirectJDKLog.java:173) - Starting service [Tomcat]
[15:45:49:149]INFO  [INFO] - org.apache.juli.logging.DirectJDKLog.log(DirectJDKLog.java:173) - Starting Servlet engine: [Apache Tomcat/9.0.27]
[15:45:49:204]INFO  [INFO] - org.apache.juli.logging.DirectJDKLog.log(DirectJDKLog.java:173) - Initializing Spring embedded WebApplicationContext
[15:45:49:204]INFO  [INFO] - org.springframework.boot.web.servlet.context.ServletWebServerApplicationContext.prepareWebApplicationContext(ServletWebServerApplicationContext.java:284) - Root WebApplicationContext: initialization completed in 724 ms
[15:45:49:409]INFO  [INFO] - springfox.documentation.spring.web.PropertySourcedRequestMappingHandlerMapping.initHandlerMethods(PropertySourcedRequestMappingHandlerMapping.java:69) - Mapped URL path [/v2/api-docs] onto method [springfox.documentation.swagger2.web.Swagger2Controller#getDocumentation(String, HttpServletRequest)]
[15:45:49:461]INFO  [INFO] - org.springframework.scheduling.concurrent.ExecutorConfigurationSupport.initialize(ExecutorConfigurationSupport.java:181) - Initializing ExecutorService 'applicationTaskExecutor'
[15:45:49:539]INFO  [INFO] - springfox.documentation.spring.web.plugins.DocumentationPluginsBootstrapper.start(DocumentationPluginsBootstrapper.java:147) - Context refreshed
[15:45:49:549]INFO  [INFO] - springfox.documentation.spring.web.plugins.DocumentationPluginsBootstrapper.start(DocumentationPluginsBootstrapper.java:150) - Found 1 custom documentation plugin(s)
[15:45:49:611]INFO  [INFO] - springfox.documentation.spring.web.scanners.ApiListingReferenceScanner.scan(ApiListingReferenceScanner.java:41) - Scanning for api listing references
[15:45:49:694]INFO  [INFO] - org.apache.juli.logging.DirectJDKLog.log(DirectJDKLog.java:173) - Starting ProtocolHandler ["http-nio-8080"]
[15:45:49:708]INFO  [INFO] - org.springframework.boot.web.embedded.tomcat.TomcatWebServer.start(TomcatWebServer.java:204) - Tomcat started on port(s): 8080 (http) with context path ''
[15:45:49:710]INFO  [INFO] - org.springframework.boot.StartupInfoLogger.logStarted(StartupInfoLogger.java:61) - Started PileApplication in 1.546 seconds (JVM running for 2.517)
[15:46:08:622]INFO  - org.springframework.boot.StartupInfoLogger.logStarting(StartupInfoLogger.java:55) - Starting PileApplication on DESKTOP-456EEVO with PID 16828 (E:\Project\pileBackend\target\classes started by lzh15 in E:\Project\pileBackend)
[15:46:08:627]INFO  - org.springframework.boot.SpringApplication.logStartupProfileInfo(SpringApplication.java:651) - No active profile set, falling back to default profiles: default
[15:46:09:386]INFO  - org.springframework.boot.web.embedded.tomcat.TomcatWebServer.initialize(TomcatWebServer.java:92) - Tomcat initialized with port(s): 8080 (http)
[15:46:09:389]INFO  - org.apache.juli.logging.DirectJDKLog.log(DirectJDKLog.java:173) - Initializing ProtocolHandler ["http-nio-8080"]
[15:46:09:389]INFO  - org.apache.juli.logging.DirectJDKLog.log(DirectJDKLog.java:173) - Starting service [Tomcat]
[15:46:09:400]INFO  - org.apache.juli.logging.DirectJDKLog.log(DirectJDKLog.java:173) - Starting Servlet engine: [Apache Tomcat/9.0.27]
[15:46:09:448]INFO  - org.apache.juli.logging.DirectJDKLog.log(DirectJDKLog.java:173) - Initializing Spring embedded WebApplicationContext
[15:46:09:448]INFO  - org.springframework.boot.web.servlet.context.ServletWebServerApplicationContext.prepareWebApplicationContext(ServletWebServerApplicationContext.java:284) - Root WebApplicationContext: initialization completed in 793 ms
[15:46:09:657]INFO  - springfox.documentation.spring.web.PropertySourcedRequestMappingHandlerMapping.initHandlerMethods(PropertySourcedRequestMappingHandlerMapping.java:69) - Mapped URL path [/v2/api-docs] onto method [springfox.documentation.swagger2.web.Swagger2Controller#getDocumentation(String, HttpServletRequest)]
[15:46:09:719]INFO  - org.springframework.scheduling.concurrent.ExecutorConfigurationSupport.initialize(ExecutorConfigurationSupport.java:181) - Initializing ExecutorService 'applicationTaskExecutor'
[15:46:09:853]INFO  - springfox.documentation.spring.web.plugins.DocumentationPluginsBootstrapper.start(DocumentationPluginsBootstrapper.java:147) - Context refreshed
[15:46:09:853]INFO  - springfox.documentation.spring.web.plugins.DocumentationPluginsBootstrapper.start(DocumentationPluginsBootstrapper.java:150) - Found 1 custom documentation plugin(s)
[15:46:09:884]INFO  - springfox.documentation.spring.web.scanners.ApiListingReferenceScanner.scan(ApiListingReferenceScanner.java:41) - Scanning for api listing references
[15:46:09:977]INFO  - org.apache.juli.logging.DirectJDKLog.log(DirectJDKLog.java:173) - Starting ProtocolHandler ["http-nio-8080"]
[15:46:09:993]INFO  - org.springframework.boot.web.embedded.tomcat.TomcatWebServer.start(TomcatWebServer.java:204) - Tomcat started on port(s): 8080 (http) with context path ''
[15:46:09:994]INFO  - org.springframework.boot.StartupInfoLogger.logStarted(StartupInfoLogger.java:61) - Started PileApplication in 1.658 seconds (JVM running for 2.668)
[15:46:39:530]2022-09-27 15:46:39,530 INFO  [main] c.p.b.PileApplication.logStarting(55): Starting PileApplication on DESKTOP-456EEVO with PID 432 (E:\Project\pileBackend\target\classes started by lzh15 in E:\Project\pileBackend)
 [INFO] - org.springframework.boot.StartupInfoLogger.logStarting(StartupInfoLogger.java:55) - Starting PileApplication on DESKTOP-456EEVO with PID 432 (E:\Project\pileBackend\target\classes started by lzh15 in E:\Project\pileBackend)
[15:46:39:536]2022-09-27 15:46:39,536 INFO  [main] c.p.b.PileApplication.logStartupProfileInfo(651): No active profile set, falling back to default profiles: default
 [INFO] - org.springframework.boot.SpringApplication.logStartupProfileInfo(SpringApplication.java:651) - No active profile set, falling back to default profiles: default
[15:46:40:207]2022-09-27 15:46:40,207 INFO  [main] o.s.b.w.e.t.TomcatWebServer.initialize(92): Tomcat initialized with port(s): 8080 (http)
 [INFO] - org.springframework.boot.web.embedded.tomcat.TomcatWebServer.initialize(TomcatWebServer.java:92) - Tomcat initialized with port(s): 8080 (http)
[15:46:40:207]2022-09-27 15:46:40,207 INFO  [main] o.a.c.h.Http11NioProtocol.log(173): Initializing ProtocolHandler ["http-nio-8080"]
 [INFO] - org.apache.juli.logging.DirectJDKLog.log(DirectJDKLog.java:173) - Initializing ProtocolHandler ["http-nio-8080"]
[15:46:40:207]2022-09-27 15:46:40,207 INFO  [main] o.a.c.c.StandardService.log(173): Starting service [Tomcat]
 [INFO] - org.apache.juli.logging.DirectJDKLog.log(DirectJDKLog.java:173) - Starting service [Tomcat]
[15:46:40:219]2022-09-27 15:46:40,219 INFO  [main] o.a.c.c.StandardEngine.log(173): Starting Servlet engine: [Apache Tomcat/9.0.27]
 [INFO] - org.apache.juli.logging.DirectJDKLog.log(DirectJDKLog.java:173) - Starting Servlet engine: [Apache Tomcat/9.0.27]
[15:46:40:268]2022-09-27 15:46:40,268 INFO  [main] o.a.c.c.C.[.[.[/].log(173): Initializing Spring embedded WebApplicationContext
 [INFO] - org.apache.juli.logging.DirectJDKLog.log(DirectJDKLog.java:173) - Initializing Spring embedded WebApplicationContext
[15:46:40:268]2022-09-27 15:46:40,268 INFO  [main] o.s.w.c.ContextLoader.prepareWebApplicationContext(284): Root WebApplicationContext: initialization completed in 707 ms
 [INFO] - org.springframework.boot.web.servlet.context.ServletWebServerApplicationContext.prepareWebApplicationContext(ServletWebServerApplicationContext.java:284) - Root WebApplicationContext: initialization completed in 707 ms
[15:46:40:481]2022-09-27 15:46:40,481 INFO  [main] s.d.s.w.PropertySourcedRequestMappingHandlerMapping.initHandlerMethods(69): Mapped URL path [/v2/api-docs] onto method [springfox.documentation.swagger2.web.Swagger2Controller#getDocumentation(String, HttpServletRequest)]
 [INFO] - springfox.documentation.spring.web.PropertySourcedRequestMappingHandlerMapping.initHandlerMethods(PropertySourcedRequestMappingHandlerMapping.java:69) - Mapped URL path [/v2/api-docs] onto method [springfox.documentation.swagger2.web.Swagger2Controller#getDocumentation(String, HttpServletRequest)]
[15:46:40:538]2022-09-27 15:46:40,538 INFO  [main] o.s.s.c.ThreadPoolTaskExecutor.initialize(181): Initializing ExecutorService 'applicationTaskExecutor'
 [INFO] - org.springframework.scheduling.concurrent.ExecutorConfigurationSupport.initialize(ExecutorConfigurationSupport.java:181) - Initializing ExecutorService 'applicationTaskExecutor'
[15:46:40:688]2022-09-27 15:46:40,688 INFO  [main] s.d.s.w.p.DocumentationPluginsBootstrapper.start(147): Context refreshed
 [INFO] - springfox.documentation.spring.web.plugins.DocumentationPluginsBootstrapper.start(DocumentationPluginsBootstrapper.java:147) - Context refreshed
[15:46:40:688]2022-09-27 15:46:40,688 INFO  [main] s.d.s.w.p.DocumentationPluginsBootstrapper.start(150): Found 1 custom documentation plugin(s)
 [INFO] - springfox.documentation.spring.web.plugins.DocumentationPluginsBootstrapper.start(DocumentationPluginsBootstrapper.java:150) - Found 1 custom documentation plugin(s)
[15:46:40:719]2022-09-27 15:46:40,719 INFO  [main] s.d.s.w.s.ApiListingReferenceScanner.scan(41): Scanning for api listing references
 [INFO] - springfox.documentation.spring.web.scanners.ApiListingReferenceScanner.scan(ApiListingReferenceScanner.java:41) - Scanning for api listing references
[15:46:40:799]2022-09-27 15:46:40,799 INFO  [main] o.a.c.h.Http11NioProtocol.log(173): Starting ProtocolHandler ["http-nio-8080"]
 [INFO] - org.apache.juli.logging.DirectJDKLog.log(DirectJDKLog.java:173) - Starting ProtocolHandler ["http-nio-8080"]
[15:46:40:812]2022-09-27 15:46:40,812 INFO  [main] o.s.b.w.e.t.TomcatWebServer.start(204): Tomcat started on port(s): 8080 (http) with context path ''
 [INFO] - org.springframework.boot.web.embedded.tomcat.TomcatWebServer.start(TomcatWebServer.java:204) - Tomcat started on port(s): 8080 (http) with context path ''
[15:46:40:814]2022-09-27 15:46:40,814 INFO  [main] c.p.b.PileApplication.logStarted(61): Started PileApplication in 1.559 seconds (JVM running for 2.525)
 [INFO] - org.springframework.boot.StartupInfoLogger.logStarted(StartupInfoLogger.java:61) - Started PileApplication in 1.559 seconds (JVM running for 2.525)
[15:48:10:811] [INFO] - org.springframework.boot.StartupInfoLogger.logStarting(StartupInfoLogger.java:55) - Starting PileApplication on DESKTOP-456EEVO with PID 12344 (E:\Project\pileBackend\target\classes started by lzh15 in E:\Project\pileBackend)
[15:48:10:817] [INFO] - org.springframework.boot.SpringApplication.logStartupProfileInfo(SpringApplication.java:651) - No active profile set, falling back to default profiles: default
[15:48:11:479] [INFO] - org.springframework.boot.web.embedded.tomcat.TomcatWebServer.initialize(TomcatWebServer.java:92) - Tomcat initialized with port(s): 8080 (http)
[15:48:11:480] [INFO] - org.apache.juli.logging.DirectJDKLog.log(DirectJDKLog.java:173) - Initializing ProtocolHandler ["http-nio-8080"]
[15:48:11:480] [INFO] - org.apache.juli.logging.DirectJDKLog.log(DirectJDKLog.java:173) - Starting service [Tomcat]
[15:48:11:490] [INFO] - org.apache.juli.logging.DirectJDKLog.log(DirectJDKLog.java:173) - Starting Servlet engine: [Apache Tomcat/9.0.27]
[15:48:11:544] [INFO] - org.apache.juli.logging.DirectJDKLog.log(DirectJDKLog.java:173) - Initializing Spring embedded WebApplicationContext
[15:48:11:545] [INFO] - org.springframework.boot.web.servlet.context.ServletWebServerApplicationContext.prepareWebApplicationContext(ServletWebServerApplicationContext.java:284) - Root WebApplicationContext: initialization completed in 702 ms
[15:48:11:740] [INFO] - springfox.documentation.spring.web.PropertySourcedRequestMappingHandlerMapping.initHandlerMethods(PropertySourcedRequestMappingHandlerMapping.java:69) - Mapped URL path [/v2/api-docs] onto method [springfox.documentation.swagger2.web.Swagger2Controller#getDocumentation(String, HttpServletRequest)]
[15:48:11:790] [INFO] - org.springframework.scheduling.concurrent.ExecutorConfigurationSupport.initialize(ExecutorConfigurationSupport.java:181) - Initializing ExecutorService 'applicationTaskExecutor'
[15:48:11:946] [INFO] - springfox.documentation.spring.web.plugins.DocumentationPluginsBootstrapper.start(DocumentationPluginsBootstrapper.java:147) - Context refreshed
[15:48:11:948] [INFO] - springfox.documentation.spring.web.plugins.DocumentationPluginsBootstrapper.start(DocumentationPluginsBootstrapper.java:150) - Found 1 custom documentation plugin(s)
[15:48:11:974] [INFO] - springfox.documentation.spring.web.scanners.ApiListingReferenceScanner.scan(ApiListingReferenceScanner.java:41) - Scanning for api listing references
[15:48:12:055] [INFO] - org.apache.juli.logging.DirectJDKLog.log(DirectJDKLog.java:173) - Starting ProtocolHandler ["http-nio-8080"]
[15:48:12:068] [INFO] - org.springframework.boot.web.embedded.tomcat.TomcatWebServer.start(TomcatWebServer.java:204) - Tomcat started on port(s): 8080 (http) with context path ''
[15:48:12:070] [INFO] - org.springframework.boot.StartupInfoLogger.logStarted(StartupInfoLogger.java:61) - Started PileApplication in 1.539 seconds (JVM running for 2.505)
[15:48:22:066] [INFO]{ERROR=Bright RED, WARN=Bright Yellow, INFO=Bright Green, DEBUG=Bright Cyan, TRACE=Bright White} - org.springframework.boot.StartupInfoLogger.logStarting(StartupInfoLogger.java:55) - Starting PileApplication on DESKTOP-456EEVO with PID 1864 (E:\Project\pileBackend\target\classes started by lzh15 in E:\Project\pileBackend)
[15:48:22:072] [INFO]{ERROR=Bright RED, WARN=Bright Yellow, INFO=Bright Green, DEBUG=Bright Cyan, TRACE=Bright White} - org.springframework.boot.SpringApplication.logStartupProfileInfo(SpringApplication.java:651) - No active profile set, falling back to default profiles: default
[15:48:22:727] [INFO]{ERROR=Bright RED, WARN=Bright Yellow, INFO=Bright Green, DEBUG=Bright Cyan, TRACE=Bright White} - org.springframework.boot.web.embedded.tomcat.TomcatWebServer.initialize(TomcatWebServer.java:92) - Tomcat initialized with port(s): 8080 (http)
[15:48:22:729] [INFO]{ERROR=Bright RED, WARN=Bright Yellow, INFO=Bright Green, DEBUG=Bright Cyan, TRACE=Bright White} - org.apache.juli.logging.DirectJDKLog.log(DirectJDKLog.java:173) - Initializing ProtocolHandler ["http-nio-8080"]
[15:48:22:738] [INFO]{ERROR=Bright RED, WARN=Bright Yellow, INFO=Bright Green, DEBUG=Bright Cyan, TRACE=Bright White} - org.apache.juli.logging.DirectJDKLog.log(DirectJDKLog.java:173) - Starting service [Tomcat]
[15:48:22:738] [INFO]{ERROR=Bright RED, WARN=Bright Yellow, INFO=Bright Green, DEBUG=Bright Cyan, TRACE=Bright White} - org.apache.juli.logging.DirectJDKLog.log(DirectJDKLog.java:173) - Starting Servlet engine: [Apache Tomcat/9.0.27]
[15:48:22:788] [INFO]{ERROR=Bright RED, WARN=Bright Yellow, INFO=Bright Green, DEBUG=Bright Cyan, TRACE=Bright White} - org.apache.juli.logging.DirectJDKLog.log(DirectJDKLog.java:173) - Initializing Spring embedded WebApplicationContext
[15:48:22:788] [INFO]{ERROR=Bright RED, WARN=Bright Yellow, INFO=Bright Green, DEBUG=Bright Cyan, TRACE=Bright White} - org.springframework.boot.web.servlet.context.ServletWebServerApplicationContext.prepareWebApplicationContext(ServletWebServerApplicationContext.java:284) - Root WebApplicationContext: initialization completed in 692 ms
[15:48:22:989] [INFO]{ERROR=Bright RED, WARN=Bright Yellow, INFO=Bright Green, DEBUG=Bright Cyan, TRACE=Bright White} - springfox.documentation.spring.web.PropertySourcedRequestMappingHandlerMapping.initHandlerMethods(PropertySourcedRequestMappingHandlerMapping.java:69) - Mapped URL path [/v2/api-docs] onto method [springfox.documentation.swagger2.web.Swagger2Controller#getDocumentation(String, HttpServletRequest)]
[15:48:23:045] [INFO]{ERROR=Bright RED, WARN=Bright Yellow, INFO=Bright Green, DEBUG=Bright Cyan, TRACE=Bright White} - org.springframework.scheduling.concurrent.ExecutorConfigurationSupport.initialize(ExecutorConfigurationSupport.java:181) - Initializing ExecutorService 'applicationTaskExecutor'
[15:48:23:193] [INFO]{ERROR=Bright RED, WARN=Bright Yellow, INFO=Bright Green, DEBUG=Bright Cyan, TRACE=Bright White} - springfox.documentation.spring.web.plugins.DocumentationPluginsBootstrapper.start(DocumentationPluginsBootstrapper.java:147) - Context refreshed
[15:48:23:203] [INFO]{ERROR=Bright RED, WARN=Bright Yellow, INFO=Bright Green, DEBUG=Bright Cyan, TRACE=Bright White} - springfox.documentation.spring.web.plugins.DocumentationPluginsBootstrapper.start(DocumentationPluginsBootstrapper.java:150) - Found 1 custom documentation plugin(s)
[15:48:23:222] [INFO]{ERROR=Bright RED, WARN=Bright Yellow, INFO=Bright Green, DEBUG=Bright Cyan, TRACE=Bright White} - springfox.documentation.spring.web.scanners.ApiListingReferenceScanner.scan(ApiListingReferenceScanner.java:41) - Scanning for api listing references
[15:48:23:302] [INFO]{ERROR=Bright RED, WARN=Bright Yellow, INFO=Bright Green, DEBUG=Bright Cyan, TRACE=Bright White} - org.apache.juli.logging.DirectJDKLog.log(DirectJDKLog.java:173) - Starting ProtocolHandler ["http-nio-8080"]
[15:48:23:316] [INFO]{ERROR=Bright RED, WARN=Bright Yellow, INFO=Bright Green, DEBUG=Bright Cyan, TRACE=Bright White} - org.springframework.boot.web.embedded.tomcat.TomcatWebServer.start(TomcatWebServer.java:204) - Tomcat started on port(s): 8080 (http) with context path ''
[15:48:23:318] [INFO]{ERROR=Bright RED, WARN=Bright Yellow, INFO=Bright Green, DEBUG=Bright Cyan, TRACE=Bright White} - org.springframework.boot.StartupInfoLogger.logStarted(StartupInfoLogger.java:61) - Started PileApplication in 1.532 seconds (JVM running for 2.523)
[15:48:35:800] [Bright Green] - org.springframework.boot.StartupInfoLogger.logStarting(StartupInfoLogger.java:55) - Starting PileApplication on DESKTOP-456EEVO with PID 15112 (E:\Project\pileBackend\target\classes started by lzh15 in E:\Project\pileBackend)
[15:48:35:805] [Bright Green] - org.springframework.boot.SpringApplication.logStartupProfileInfo(SpringApplication.java:651) - No active profile set, falling back to default profiles: default
[15:48:36:469] [Bright Green] - org.springframework.boot.web.embedded.tomcat.TomcatWebServer.initialize(TomcatWebServer.java:92) - Tomcat initialized with port(s): 8080 (http)
[15:48:36:469] [Bright Green] - org.apache.juli.logging.DirectJDKLog.log(DirectJDKLog.java:173) - Initializing ProtocolHandler ["http-nio-8080"]
[15:48:36:469] [Bright Green] - org.apache.juli.logging.DirectJDKLog.log(DirectJDKLog.java:173) - Starting service [Tomcat]
[15:48:36:480] [Bright Green] - org.apache.juli.logging.DirectJDKLog.log(DirectJDKLog.java:173) - Starting Servlet engine: [Apache Tomcat/9.0.27]
[15:48:36:530] [Bright Green] - org.apache.juli.logging.DirectJDKLog.log(DirectJDKLog.java:173) - Initializing Spring embedded WebApplicationContext
[15:48:36:532] [Bright Green] - org.springframework.boot.web.servlet.context.ServletWebServerApplicationContext.prepareWebApplicationContext(ServletWebServerApplicationContext.java:284) - Root WebApplicationContext: initialization completed in 698 ms
[15:48:36:726] [Bright Green] - springfox.documentation.spring.web.PropertySourcedRequestMappingHandlerMapping.initHandlerMethods(PropertySourcedRequestMappingHandlerMapping.java:69) - Mapped URL path [/v2/api-docs] onto method [springfox.documentation.swagger2.web.Swagger2Controller#getDocumentation(String, HttpServletRequest)]
[15:48:36:780] [Bright Green] - org.springframework.scheduling.concurrent.ExecutorConfigurationSupport.initialize(ExecutorConfigurationSupport.java:181) - Initializing ExecutorService 'applicationTaskExecutor'
[15:48:36:909] [Bright Green] - springfox.documentation.spring.web.plugins.DocumentationPluginsBootstrapper.start(DocumentationPluginsBootstrapper.java:147) - Context refreshed
[15:48:36:912] [Bright Green] - springfox.documentation.spring.web.plugins.DocumentationPluginsBootstrapper.start(DocumentationPluginsBootstrapper.java:150) - Found 1 custom documentation plugin(s)
[15:48:36:937] [Bright Green] - springfox.documentation.spring.web.scanners.ApiListingReferenceScanner.scan(ApiListingReferenceScanner.java:41) - Scanning for api listing references
[15:48:37:015] [Bright Green] - org.apache.juli.logging.DirectJDKLog.log(DirectJDKLog.java:173) - Starting ProtocolHandler ["http-nio-8080"]
[15:48:37:030] [Bright Green] - org.springframework.boot.web.embedded.tomcat.TomcatWebServer.start(TomcatWebServer.java:204) - Tomcat started on port(s): 8080 (http) with context path ''
[15:48:37:032] [Bright Green] - org.springframework.boot.StartupInfoLogger.logStarted(StartupInfoLogger.java:61) - Started PileApplication in 1.513 seconds (JVM running for 2.466)
2022-09-27 15:50:12.894 [32mINFO [m [main] [32mc.p.b.PileApplication.logStarting(55)[m: Starting PileApplication on DESKTOP-456EEVO with PID 15140 (E:\Project\pileBackend\target\classes started by lzh15 in E:\Project\pileBackend)
2022-09-27 15:50:12.900 [32mINFO [m [main] [32mc.p.b.PileApplication.logStartupProfileInfo(651)[m: No active profile set, falling back to default profiles: default
2022-09-27 15:50:13.564 [32mINFO [m [main] [32mo.s.b.w.e.t.TomcatWebServer.initialize(92)[m: Tomcat initialized with port(s): 8080 (http)
2022-09-27 15:50:13.574 [32mINFO [m [main] [32mo.a.c.h.Http11NioProtocol.log(173)[m: Initializing ProtocolHandler ["http-nio-8080"]
2022-09-27 15:50:13.576 [32mINFO [m [main] [32mo.a.c.c.StandardService.log(173)[m: Starting service [Tomcat]
2022-09-27 15:50:13.576 [32mINFO [m [main] [32mo.a.c.c.StandardEngine.log(173)[m: Starting Servlet engine: [Apache Tomcat/9.0.27]
2022-09-27 15:50:13.629 [32mINFO [m [main] [32mo.a.c.c.C.[.[.[/].log(173)[m: Initializing Spring embedded WebApplicationContext
2022-09-27 15:50:13.629 [32mINFO [m [main] [32mo.s.w.c.ContextLoader.prepareWebApplicationContext(284)[m: Root WebApplicationContext: initialization completed in 704 ms
2022-09-27 15:50:13.860 [32mINFO [m [main] [32ms.d.s.w.PropertySourcedRequestMappingHandlerMapping.initHandlerMethods(69)[m: Mapped URL path [/v2/api-docs] onto method [springfox.documentation.swagger2.web.Swagger2Controller#getDocumentation(String, HttpServletRequest)]
2022-09-27 15:50:13.911 [32mINFO [m [main] [32mo.s.s.c.ThreadPoolTaskExecutor.initialize(181)[m: Initializing ExecutorService 'applicationTaskExecutor'
2022-09-27 15:50:14.030 [32mINFO [m [main] [32ms.d.s.w.p.DocumentationPluginsBootstrapper.start(147)[m: Context refreshed
2022-09-27 15:50:14.038 [32mINFO [m [main] [32ms.d.s.w.p.DocumentationPluginsBootstrapper.start(150)[m: Found 1 custom documentation plugin(s)
2022-09-27 15:50:14.057 [32mINFO [m [main] [32ms.d.s.w.s.ApiListingReferenceScanner.scan(41)[m: Scanning for api listing references
2022-09-27 15:50:14.139 [32mINFO [m [main] [32mo.a.c.h.Http11NioProtocol.log(173)[m: Starting ProtocolHandler ["http-nio-8080"]
2022-09-27 15:50:14.153 [32mINFO [m [main] [32mo.s.b.w.e.t.TomcatWebServer.start(204)[m: Tomcat started on port(s): 8080 (http) with context path ''
2022-09-27 15:50:14.155 [32mINFO [m [main] [32mc.p.b.PileApplication.logStarted(61)[m: Started PileApplication in 1.53 seconds (JVM running for 2.549)
2022-09-27 15:52:39,875 [1;32mINFO [m [1;35m[main][m [36mc.p.b.PileApplication.logStarting(55)[m: Starting PileApplication on DESKTOP-456EEVO with PID 15976 (E:\Project\pileBackend\target\classes started by lzh15 in E:\Project\pileBackend)
2022-09-27 15:52:39,881 [1;32mINFO [m [1;35m[main][m [36mc.p.b.PileApplication.logStartupProfileInfo(651)[m: No active profile set, falling back to default profiles: default
2022-09-27 15:52:40,541 [1;32mINFO [m [1;35m[main][m [36mo.s.b.w.e.t.TomcatWebServer.initialize(92)[m: Tomcat initialized with port(s): 8080 (http)
2022-09-27 15:52:40,542 [1;32mINFO [m [1;35m[main][m [36mo.a.c.h.Http11NioProtocol.log(173)[m: Initializing ProtocolHandler ["http-nio-8080"]
2022-09-27 15:52:40,542 [1;32mINFO [m [1;35m[main][m [36mo.a.c.c.StandardService.log(173)[m: Starting service [Tomcat]
2022-09-27 15:52:40,553 [1;32mINFO [m [1;35m[main][m [36mo.a.c.c.StandardEngine.log(173)[m: Starting Servlet engine: [Apache Tomcat/9.0.27]
2022-09-27 15:52:40,612 [1;32mINFO [m [1;35m[main][m [36mo.a.c.c.C.[.[.[/].log(173)[m: Initializing Spring embedded WebApplicationContext
2022-09-27 15:52:40,612 [1;32mINFO [m [1;35m[main][m [36mo.s.w.c.ContextLoader.prepareWebApplicationContext(284)[m: Root WebApplicationContext: initialization completed in 708 ms
2022-09-27 15:52:40,840 [1;32mINFO [m [1;35m[main][m [36ms.d.s.w.PropertySourcedRequestMappingHandlerMapping.initHandlerMethods(69)[m: Mapped URL path [/v2/api-docs] onto method [springfox.documentation.swagger2.web.Swagger2Controller#getDocumentation(String, HttpServletRequest)]
2022-09-27 15:52:40,892 [1;32mINFO [m [1;35m[main][m [36mo.s.s.c.ThreadPoolTaskExecutor.initialize(181)[m: Initializing ExecutorService 'applicationTaskExecutor'
2022-09-27 15:52:41,008 [1;32mINFO [m [1;35m[main][m [36ms.d.s.w.p.DocumentationPluginsBootstrapper.start(147)[m: Context refreshed
2022-09-27 15:52:41,010 [1;32mINFO [m [1;35m[main][m [36ms.d.s.w.p.DocumentationPluginsBootstrapper.start(150)[m: Found 1 custom documentation plugin(s)
2022-09-27 15:52:41,036 [1;32mINFO [m [1;35m[main][m [36ms.d.s.w.s.ApiListingReferenceScanner.scan(41)[m: Scanning for api listing references
2022-09-27 15:52:41,118 [1;32mINFO [m [1;35m[main][m [36mo.a.c.h.Http11NioProtocol.log(173)[m: Starting ProtocolHandler ["http-nio-8080"]
2022-09-27 15:52:41,130 [1;32mINFO [m [1;35m[main][m [36mo.s.b.w.e.t.TomcatWebServer.start(204)[m: Tomcat started on port(s): 8080 (http) with context path ''
2022-09-27 15:52:41,132 [1;32mINFO [m [1;35m[main][m [36mc.p.b.PileApplication.logStarted(61)[m: Started PileApplication in 1.524 seconds (JVM running for 2.504)
2022-09-27 15:53:04,505 [1;32mINFO [m [1;35m[main][m [36mcom.pile.backend.PileApplication.logStarting(55)[m: Starting PileApplication on DESKTOP-456EEVO with PID 10580 (E:\Project\pileBackend\target\classes started by lzh15 in E:\Project\pileBackend)
2022-09-27 15:53:04,510 [1;32mINFO [m [1;35m[main][m [36mcom.pile.backend.PileApplication.logStartupProfileInfo(651)[m: No active profile set, falling back to default profiles: default
2022-09-27 15:53:05,208 [1;32mINFO [m [1;35m[main][m [36morg.springframework.boot.web.embedded.tomcat.TomcatWebServer.initialize(92)[m: Tomcat initialized with port(s): 8080 (http)
2022-09-27 15:53:05,214 [1;32mINFO [m [1;35m[main][m [36morg.apache.coyote.http11.Http11NioProtocol.log(173)[m: Initializing ProtocolHandler ["http-nio-8080"]
2022-09-27 15:53:05,220 [1;32mINFO [m [1;35m[main][m [36morg.apache.catalina.core.StandardService.log(173)[m: Starting service [Tomcat]
2022-09-27 15:53:05,220 [1;32mINFO [m [1;35m[main][m [36morg.apache.catalina.core.StandardEngine.log(173)[m: Starting Servlet engine: [Apache Tomcat/9.0.27]
2022-09-27 15:53:05,277 [1;32mINFO [m [1;35m[main][m [36morg.apache.catalina.core.ContainerBase.[Tomcat].[localhost].[/].log(173)[m: Initializing Spring embedded WebApplicationContext
2022-09-27 15:53:05,279 [1;32mINFO [m [1;35m[main][m [36morg.springframework.web.context.ContextLoader.prepareWebApplicationContext(284)[m: Root WebApplicationContext: initialization completed in 741 ms
2022-09-27 15:53:05,501 [1;32mINFO [m [1;35m[main][m [36mspringfox.documentation.spring.web.PropertySourcedRequestMappingHandlerMapping.initHandlerMethods(69)[m: Mapped URL path [/v2/api-docs] onto method [springfox.documentation.swagger2.web.Swagger2Controller#getDocumentation(String, HttpServletRequest)]
2022-09-27 15:53:05,556 [1;32mINFO [m [1;35m[main][m [36morg.springframework.scheduling.concurrent.ThreadPoolTaskExecutor.initialize(181)[m: Initializing ExecutorService 'applicationTaskExecutor'
2022-09-27 15:53:05,674 [1;32mINFO [m [1;35m[main][m [36mspringfox.documentation.spring.web.plugins.DocumentationPluginsBootstrapper.start(147)[m: Context refreshed
2022-09-27 15:53:05,679 [1;32mINFO [m [1;35m[main][m [36mspringfox.documentation.spring.web.plugins.DocumentationPluginsBootstrapper.start(150)[m: Found 1 custom documentation plugin(s)
2022-09-27 15:53:05,701 [1;32mINFO [m [1;35m[main][m [36mspringfox.documentation.spring.web.scanners.ApiListingReferenceScanner.scan(41)[m: Scanning for api listing references
2022-09-27 15:53:05,783 [1;32mINFO [m [1;35m[main][m [36morg.apache.coyote.http11.Http11NioProtocol.log(173)[m: Starting ProtocolHandler ["http-nio-8080"]
2022-09-27 15:53:05,797 [1;32mINFO [m [1;35m[main][m [36morg.springframework.boot.web.embedded.tomcat.TomcatWebServer.start(204)[m: Tomcat started on port(s): 8080 (http) with context path ''
2022-09-27 15:53:05,799 [1;32mINFO [m [1;35m[main][m [36mcom.pile.backend.PileApplication.logStarted(61)[m: Started PileApplication in 1.576 seconds (JVM running for 2.519)
